<?xml version="1.0" encoding="UTF-8"?>
<testng-results ignored="0" total="2" passed="2" failed="0" skipped="0">
  <reporter-output>
  </reporter-output>
  <suite started-at="2021-09-03T10:00:46 IST" name="Techigai Java Framework" finished-at="2021-09-03T10:01:11 IST" duration-ms="25335">
    <groups>
      <group name="GoDaddy">
        <method signature="TS_GoDaddy.testCase1()[pri:0, instance:TestCases.TS_GoDaddy@64dafeed]" name="testCase1" class="TestCases.TS_GoDaddy"/>
      </group> <!-- GoDaddy -->
      <group name="Amazon">
        <method signature="TS_Amazon.testcase2()[pri:0, instance:TestCases.TS_Amazon@6cbcf243]" name="testcase2" class="TestCases.TS_Amazon"/>
      </group> <!-- Amazon -->
    </groups>
    <test started-at="2021-09-03T10:00:46 IST" name="GO Daddy SIte" finished-at="2021-09-03T10:00:50 IST" duration-ms="3897">
      <class name="TestCases.TS_GoDaddy">
        <test-method is-config="true" signature="SetBrowserAndNavigateToUrl1(java.lang.String,java.lang.String)[pri:0, instance:TestCases.TS_GoDaddy@64dafeed]" started-at="2021-09-03T10:00:46 IST" name="SetBrowserAndNavigateToUrl1" finished-at="2021-09-03T10:00:50 IST" duration-ms="3518" status="PASS">
          <params>
            <param index="0">
              <value>
                <![CDATA[chrome]]>
              </value>
            </param>
            <param index="1">
              <value>
                <![CDATA[https://www.godaddy.com/]]>
              </value>
            </param>
          </params>
          <reporter-output>
          </reporter-output>
        </test-method> <!-- SetBrowserAndNavigateToUrl1 -->
        <test-method signature="testCase1()[pri:0, instance:TestCases.TS_GoDaddy@64dafeed]" started-at="2021-09-03T10:00:50 IST" name="testCase1" finished-at="2021-09-03T10:00:50 IST" duration-ms="243" status="PASS">
          <reporter-output>
          </reporter-output>
        </test-method> <!-- testCase1 -->
        <test-method is-config="true" signature="closeBrowser()[pri:0, instance:TestCases.TS_GoDaddy@64dafeed]" started-at="2021-09-03T10:00:50 IST" name="closeBrowser" finished-at="2021-09-03T10:00:50 IST" duration-ms="103" status="PASS">
          <reporter-output>
          </reporter-output>
        </test-method> <!-- closeBrowser -->
      </class> <!-- TestCases.TS_GoDaddy -->
    </test> <!-- GO Daddy SIte -->
    <test started-at="2021-09-03T10:00:50 IST" name="Amazon Site" finished-at="2021-09-03T10:01:11 IST" duration-ms="21431">
      <class name="TestCases.TS_Amazon">
        <test-method is-config="true" signature="SetBrowserAndNavigateToUrl1(java.lang.String,java.lang.String)[pri:0, instance:TestCases.TS_Amazon@6cbcf243]" started-at="2021-09-03T10:00:50 IST" name="SetBrowserAndNavigateToUrl1" finished-at="2021-09-03T10:01:00 IST" duration-ms="9952" status="PASS">
          <params>
            <param index="0">
              <value>
                <![CDATA[chrome]]>
              </value>
            </param>
            <param index="1">
              <value>
                <![CDATA[http://www.amazon.in]]>
              </value>
            </param>
          </params>
          <reporter-output>
          </reporter-output>
        </test-method> <!-- SetBrowserAndNavigateToUrl1 -->
        <test-method signature="testcase2()[pri:0, instance:TestCases.TS_Amazon@6cbcf243]" started-at="2021-09-03T10:01:00 IST" name="testcase2" finished-at="2021-09-03T10:01:11 IST" duration-ms="11342" status="PASS">
          <reporter-output>
          </reporter-output>
        </test-method> <!-- testcase2 -->
        <test-method is-config="true" signature="closeBrowser()[pri:0, instance:TestCases.TS_Amazon@6cbcf243]" started-at="2021-09-03T10:01:11 IST" name="closeBrowser" finished-at="2021-09-03T10:01:11 IST" duration-ms="135" status="PASS">
          <reporter-output>
          </reporter-output>
        </test-method> <!-- closeBrowser -->
      </class> <!-- TestCases.TS_Amazon -->
    </test> <!-- Amazon Site -->
  </suite> <!-- Techigai Java Framework -->
</testng-results>
